2026-01-10 02:11:24,249 - INFO - [SEFARIA] Starting...
2026-01-10 02:11:24,418 - INFO - 
--- sefaria_index structure ---
list[14]:
  dict{10 keys}:
    contents:
    ...
    order:
    ...
    enComplete:
    ...
    heComplete:
    ...
    enDesc:
    ...
    heDesc:
    ...
    enShortDesc:
    ...
    heShortDesc:
    ...
---
2026-01-10 02:11:24,434 - INFO -   Found 6586 total texts
2026-01-10 02:11:24,434 - INFO -   710 ethics-relevant texts
2026-01-10 02:11:25,351 - INFO - 
--- sefaria_v3_Mishnah_Ketubot structure ---
dict{35 keys}:
  versions:
  list[1]:
    ...
  available_versions:
  list[12]:
    ...
  ref:
  str(17): 'Mishnah Ketubot 1'...
  heRef:
  str(14): 'משנה כתובות א׳'...
  sections:
  list[1]:
    ...
  toSections:
  list[1]:
    ...
  sectionRef:
  str(17): 'Mishnah Ketubot 1'...
  heSectionRef:
  str(14): 'משנה כתובות א׳'...
---
2026-01-10 02:11:25,351 - INFO -   Mishnah Ketubot: 1 passages
2026-01-10 02:11:25,383 - INFO - 
--- sefaria_v3_Mishnah_Nedarim structure ---
dict{35 keys}:
  versions:
  list[1]:
    ...
  available_versions:
  list[11]:
    ...
  ref:
  str(17): 'Mishnah Nedarim 1'...
  heRef:
  str(13): 'משנה נדרים א׳'...
  sections:
  list[1]:
    ...
  toSections:
  list[1]:
    ...
  sectionRef:
  str(17): 'Mishnah Nedarim 1'...
  heSectionRef:
  str(13): 'משנה נדרים א׳'...
---
2026-01-10 02:11:25,383 - INFO -   Mishnah Nedarim: 1 passages
2026-01-10 02:11:25,399 - INFO - 
--- sefaria_v3_Mishnah_Gittin structure ---
dict{35 keys}:
  versions:
  list[1]:
    ...
  available_versions:
  list[11]:
    ...
  ref:
  str(16): 'Mishnah Gittin 1'...
  heRef:
  str(13): 'משנה גיטין א׳'...
  sections:
  list[1]:
    ...
  toSections:
  list[1]:
    ...
  sectionRef:
  str(16): 'Mishnah Gittin 1'...
  heSectionRef:
  str(13): 'משנה גיטין א׳'...
---
2026-01-10 02:11:25,399 - INFO -   Mishnah Gittin: 1 passages
2026-01-10 02:11:26,422 - INFO - 
--- sefaria_v3_Mishnah_Kiddushin structure ---
dict{35 keys}:
  versions:
  list[1]:
    ...
  available_versions:
  list[11]:
    ...
  ref:
  str(19): 'Mishnah Kiddushin 1'...
  heRef:
  str(15): 'משנה קידושין א׳'...
  sections:
  list[1]:
    ...
  toSections:
  list[1]:
    ...
  sectionRef:
  str(19): 'Mishnah Kiddushin 1'...
  heSectionRef:
  str(15): 'משנה קידושין א׳'...
---
2026-01-10 02:11:26,422 - INFO -   Mishnah Kiddushin: 1 passages
2026-01-10 02:11:27,458 - INFO - 
--- sefaria_v3_Mishnah_Bava_Kamma structure ---
dict{35 keys}:
  versions:
  list[1]:
    ...
  available_versions:
  list[12]:
    ...
  ref:
  str(20): 'Mishnah Bava Kamma 1'...
  heRef:
  str(15): 'משנה בבא קמא א׳'...
  sections:
  list[1]:
    ...
  toSections:
  list[1]:
    ...
  sectionRef:
  str(20): 'Mishnah Bava Kamma 1'...
  heSectionRef:
  str(15): 'משנה בבא קמא א׳'...
---
2026-01-10 02:11:27,458 - INFO -   Mishnah Bava Kamma: 1 passages
2026-01-10 02:11:28,459 - INFO - 
--- sefaria_v3_Mishnah_Bava_Metzia structure ---
dict{35 keys}:
  versions:
  list[1]:
    ...
  available_versions:
  list[11]:
    ...
  ref:
  str(21): 'Mishnah Bava Metzia 1'...
  heRef:
  str(17): 'משנה בבא מציעא א׳'...
  sections:
  list[1]:
    ...
  toSections:
  list[1]:
    ...
  sectionRef:
  str(21): 'Mishnah Bava Metzia 1'...
  heSectionRef:
  str(17): 'משנה בבא מציעא א׳'...
---
2026-01-10 02:11:28,459 - INFO -   Mishnah Bava Metzia: 1 passages
2026-01-10 02:11:29,468 - INFO - 
--- sefaria_v3_Mishnah_Bava_Batra structure ---
dict{35 keys}:
  versions:
  list[1]:
    ...
  available_versions:
  list[12]:
    ...
  ref:
  str(20): 'Mishnah Bava Batra 1'...
  heRef:
  str(16): 'משנה בבא בתרא א׳'...
  sections:
  list[1]:
    ...
  toSections:
  list[1]:
    ...
  sectionRef:
  str(20): 'Mishnah Bava Batra 1'...
  heSectionRef:
  str(16): 'משנה בבא בתרא א׳'...
---
2026-01-10 02:11:29,469 - INFO -   Mishnah Bava Batra: 1 passages
2026-01-10 02:11:30,493 - INFO - 
--- sefaria_v3_Mishnah_Sanhedrin structure ---
dict{35 keys}:
  versions:
  list[1]:
    ...
  available_versions:
  list[11]:
    ...
  ref:
  str(19): 'Mishnah Sanhedrin 1'...
  heRef:
  str(15): 'משנה סנהדרין א׳'...
  sections:
  list[1]:
    ...
  toSections:
  list[1]:
    ...
  sectionRef:
  str(19): 'Mishnah Sanhedrin 1'...
  heSectionRef:
  str(15): 'משנה סנהדרין א׳'...
---
2026-01-10 02:11:30,493 - INFO -   Mishnah Sanhedrin: 1 passages
2026-01-10 02:11:31,481 - INFO - 
--- sefaria_v3_Mishnah_Shevuot structure ---
dict{35 keys}:
  versions:
  list[1]:
    ...
  available_versions:
  list[12]:
    ...
  ref:
  str(17): 'Mishnah Shevuot 1'...
  heRef:
  str(14): 'משנה שבועות א׳'...
  sections:
  list[1]:
    ...
  toSections:
  list[1]:
    ...
  sectionRef:
  str(17): 'Mishnah Shevuot 1'...
  heSectionRef:
  str(14): 'משנה שבועות א׳'...
---
2026-01-10 02:11:31,483 - INFO -   Mishnah Shevuot: 1 passages
2026-01-10 02:11:32,511 - INFO - 
--- sefaria_v3_Pirkei_Avot structure ---
dict{35 keys}:
  versions:
  list[1]:
    ...
  available_versions:
  list[16]:
    ...
  ref:
  str(13): 'Pirkei Avot 1'...
  heRef:
  str(12): 'משנה אבות א׳'...
  sections:
  list[1]:
    ...
  toSections:
  list[1]:
    ...
  sectionRef:
  str(13): 'Pirkei Avot 1'...
  heSectionRef:
  str(12): 'משנה אבות א׳'...
---
2026-01-10 02:11:32,511 - INFO -   Pirkei Avot: 1 passages
2026-01-10 02:11:33,694 - INFO - 
--- sefaria_v3_Rashi_on_Avot structure ---
dict{35 keys}:
  versions:
  list[1]:
    ...
  available_versions:
  list[3]:
    ...
  ref:
  str(15): 'Rashi on Avot 1'...
  heRef:
  str(20): 'רש"י על משנה אבות א׳'...
  sections:
  list[1]:
    ...
  toSections:
  list[1]:
    ...
  sectionRef:
  str(15): 'Rashi on Avot 1'...
  heSectionRef:
  str(20): 'רש"י על משנה אבות א׳'...
---
2026-01-10 02:11:33,694 - INFO -   Rashi on Avot: 1 passages
2026-01-10 02:11:34,560 - INFO - 
--- sefaria_v3_Bartenura_on_Mishnah_Ketubot structure ---
dict{35 keys}:
  versions:
  list[1]:
    ...
  available_versions:
  list[3]:
    ...
  ref:
  str(30): 'Bartenura on Mishnah Ketubot 1'...
  heRef:
  str(25): 'ברטנורא על משנה כתובות א׳'...
  sections:
  list[1]:
    ...
  toSections:
  list[1]:
    ...
  sectionRef:
  str(30): 'Bartenura on Mishnah Ketubot 1'...
  heSectionRef:
  str(25): 'ברטנורא על משנה כתובות א׳'...
---
2026-01-10 02:11:34,560 - INFO -   Bartenura on Mishnah Ketubot: 1 passages
2026-01-10 02:11:35,543 - INFO - 
--- sefaria_v3_Bartenura_on_Mishnah_Nedarim structure ---
dict{35 keys}:
  versions:
  list[1]:
    ...
  available_versions:
  list[3]:
    ...
  ref:
  str(30): 'Bartenura on Mishnah Nedarim 1'...
  heRef:
  str(24): 'ברטנורא על משנה נדרים א׳'...
  sections:
  list[1]:
    ...
  toSections:
  list[1]:
    ...
  sectionRef:
  str(30): 'Bartenura on Mishnah Nedarim 1'...
  heSectionRef:
  str(24): 'ברטנורא על משנה נדרים א׳'...
---
2026-01-10 02:11:35,543 - INFO -   Bartenura on Mishnah Nedarim: 1 passages
2026-01-10 02:11:36,611 - INFO - 
--- sefaria_v3_Bartenura_on_Mishnah_Gittin structure ---
dict{35 keys}:
  versions:
  list[1]:
    ...
  available_versions:
  list[3]:
    ...
  ref:
  str(29): 'Bartenura on Mishnah Gittin 1'...
  heRef:
  str(24): 'ברטנורא על משנה גיטין א׳'...
  sections:
  list[1]:
    ...
  toSections:
  list[1]:
    ...
  sectionRef:
  str(29): 'Bartenura on Mishnah Gittin 1'...
  heSectionRef:
  str(24): 'ברטנורא על משנה גיטין א׳'...
---
2026-01-10 02:11:36,611 - INFO -   Bartenura on Mishnah Gittin: 1 passages
2026-01-10 02:11:37,849 - INFO - 
--- sefaria_v3_Bartenura_on_Mishnah_Kiddushin structure ---
dict{35 keys}:
  versions:
  list[1]:
    ...
  available_versions:
  list[3]:
    ...
  ref:
  str(32): 'Bartenura on Mishnah Kiddushin 1'...
  heRef:
  str(26): 'ברטנורא על משנה קידושין א׳'...
  sections:
  list[1]:
    ...
  toSections:
  list[1]:
    ...
  sectionRef:
  str(32): 'Bartenura on Mishnah Kiddushin 1'...
  heSectionRef:
  str(26): 'ברטנורא על משנה קידושין א׳'...
---
2026-01-10 02:11:37,849 - INFO -   Bartenura on Mishnah Kiddushin: 1 passages
2026-01-10 02:11:38,809 - INFO - 
--- sefaria_v3_Bartenura_on_Mishnah_Bava_Kamma structure ---
dict{35 keys}:
  versions:
  list[1]:
    ...
  available_versions:
  list[3]:
    ...
  ref:
  str(33): 'Bartenura on Mishnah Bava Kamma 1'...
  heRef:
  str(26): 'ברטנורא על משנה בבא קמא א׳'...
  sections:
  list[1]:
    ...
  toSections:
  list[1]:
    ...
  sectionRef:
  str(33): 'Bartenura on Mishnah Bava Kamma 1'...
  heSectionRef:
  str(26): 'ברטנורא על משנה בבא קמא א׳'...
---
2026-01-10 02:11:38,809 - INFO -   Bartenura on Mishnah Bava Kamma: 1 passages
2026-01-10 02:11:39,778 - INFO - 
--- sefaria_v3_Bartenura_on_Mishnah_Bava_Metzia structure ---
dict{35 keys}:
  versions:
  list[1]:
    ...
  available_versions:
  list[3]:
    ...
  ref:
  str(34): 'Bartenura on Mishnah Bava Metzia 1'...
  heRef:
  str(28): 'ברטנורא על משנה בבא מציעא א׳'...
  sections:
  list[1]:
    ...
  toSections:
  list[1]:
    ...
  sectionRef:
  str(34): 'Bartenura on Mishnah Bava Metzia 1'...
  heSectionRef:
  str(28): 'ברטנורא על משנה בבא מציעא א׳'...
---
2026-01-10 02:11:39,778 - INFO -   Bartenura on Mishnah Bava Metzia: 1 passages
2026-01-10 02:11:40,627 - INFO - 
--- sefaria_v3_Bartenura_on_Mishnah_Bava_Batra structure ---
dict{35 keys}:
  versions:
  list[1]:
    ...
  available_versions:
  list[3]:
    ...
  ref:
  str(33): 'Bartenura on Mishnah Bava Batra 1'...
  heRef:
  str(27): 'ברטנורא על משנה בבא בתרא א׳'...
  sections:
  list[1]:
    ...
  toSections:
  list[1]:
    ...
  sectionRef:
  str(33): 'Bartenura on Mishnah Bava Batra 1'...
  heSectionRef:
  str(27): 'ברטנורא על משנה בבא בתרא א׳'...
---
2026-01-10 02:11:40,627 - INFO -   Bartenura on Mishnah Bava Batra: 1 passages
2026-01-10 02:11:41,626 - INFO - 
--- sefaria_v3_Bartenura_on_Mishnah_Sanhedrin structure ---
dict{35 keys}:
  versions:
  list[1]:
    ...
  available_versions:
  list[3]:
    ...
  ref:
  str(32): 'Bartenura on Mishnah Sanhedrin 1'...
  heRef:
  str(26): 'ברטנורא על משנה סנהדרין א׳'...
  sections:
  list[1]:
    ...
  toSections:
  list[1]:
    ...
  sectionRef:
  str(32): 'Bartenura on Mishnah Sanhedrin 1'...
  heSectionRef:
  str(26): 'ברטנורא על משנה סנהדרין א׳'...
---
2026-01-10 02:11:41,626 - INFO -   Bartenura on Mishnah Sanhedrin: 1 passages
2026-01-10 02:11:42,672 - INFO - 
--- sefaria_v3_Bartenura_on_Mishnah_Shevuot structure ---
dict{35 keys}:
  versions:
  list[1]:
    ...
  available_versions:
  list[3]:
    ...
  ref:
  str(30): 'Bartenura on Mishnah Shevuot 1'...
  heRef:
  str(25): 'ברטנורא על משנה שבועות א׳'...
  sections:
  list[1]:
    ...
  toSections:
  list[1]:
    ...
  sectionRef:
  str(30): 'Bartenura on Mishnah Shevuot 1'...
  heSectionRef:
  str(25): 'ברטנורא על משנה שבועות א׳'...
---
2026-01-10 02:11:42,673 - INFO -   Bartenura on Mishnah Shevuot: 1 passages
2026-01-10 02:11:43,697 - INFO - 
--- sefaria_v3_Bartenura_on_Pirkei_Avot structure ---
dict{35 keys}:
  versions:
  list[1]:
    ...
  available_versions:
  list[4]:
    ...
  ref:
  str(26): 'Bartenura on Pirkei Avot 1'...
  heRef:
  str(23): 'ברטנורא על משנה אבות א׳'...
  sections:
  list[1]:
    ...
  toSections:
  list[1]:
    ...
  sectionRef:
  str(26): 'Bartenura on Pirkei Avot 1'...
  heSectionRef:
  str(23): 'ברטנורא על משנה אבות א׳'...
---
2026-01-10 02:11:43,698 - INFO -   Bartenura on Pirkei Avot: 1 passages
2026-01-10 02:11:44,805 - INFO - 
--- sefaria_v3_Magen_Avot_on_Avot structure ---
dict{33 keys}:
  versions:
  list[1]:
    ...
  available_versions:
  list[1]:
    ...
  ref:
  str(20): 'Magen Avot on Avot 1'...
  heRef:
  str(11): 'מגן אבות א׳'...
  sections:
  list[1]:
    ...
  toSections:
  list[1]:
    ...
  sectionRef:
  str(20): 'Magen Avot on Avot 1'...
  heSectionRef:
  str(11): 'מגן אבות א׳'...
---
2026-01-10 02:11:44,806 - INFO -   Magen Avot on Avot: 1 passages
2026-01-10 02:11:45,660 - INFO - 
--- sefaria_v3_Rabbeinu_Yonah_on_Pirkei_Avot structure ---
dict{35 keys}:
  versions:
  list[1]:
    ...
  available_versions:
  list[2]:
    ...
  ref:
  str(31): 'Rabbeinu Yonah on Pirkei Avot 1'...
  heRef:
  str(26): 'רבינו יונה על פרקי אבות א׳'...
  sections:
  list[1]:
    ...
  toSections:
  list[1]:
    ...
  sectionRef:
  str(31): 'Rabbeinu Yonah on Pirkei Avot 1'...
  heSectionRef:
  str(26): 'רבינו יונה על פרקי אבות א׳'...
---
2026-01-10 02:11:45,661 - INFO -   Rabbeinu Yonah on Pirkei Avot: 1 passages
2026-01-10 02:11:46,593 - INFO - 
--- sefaria_v3_Rambam_on_Mishnah_Ketubot structure ---
dict{35 keys}:
  versions:
  list[1]:
    ...
  available_versions:
  list[2]:
    ...
  ref:
  str(27): 'Rambam on Mishnah Ketubot 1'...
  heRef:
  str(23): 'רמב"ם על משנה כתובות א׳'...
  sections:
  list[1]:
    ...
  toSections:
  list[1]:
    ...
  sectionRef:
  str(27): 'Rambam on Mishnah Ketubot 1'...
  heSectionRef:
  str(23): 'רמב"ם על משנה כתובות א׳'...
---
2026-01-10 02:11:46,594 - INFO -   Rambam on Mishnah Ketubot: 1 passages
2026-01-10 02:11:47,598 - INFO - 
--- sefaria_v3_Rambam_on_Mishnah_Nedarim structure ---
dict{35 keys}:
  versions:
  list[1]:
    ...
  available_versions:
  list[1]:
    ...
  ref:
  str(27): 'Rambam on Mishnah Nedarim 1'...
  heRef:
  str(22): 'רמב"ם על משנה נדרים א׳'...
  sections:
  list[1]:
    ...
  toSections:
  list[1]:
    ...
  sectionRef:
  str(27): 'Rambam on Mishnah Nedarim 1'...
  heSectionRef:
  str(22): 'רמב"ם על משנה נדרים א׳'...
---
2026-01-10 02:11:47,598 - INFO -   Rambam on Mishnah Nedarim: 1 passages
2026-01-10 02:11:48,590 - INFO - 
--- sefaria_v3_Rambam_on_Mishnah_Gittin structure ---
dict{35 keys}:
  versions:
  list[1]:
    ...
  available_versions:
  list[1]:
    ...
  ref:
  str(26): 'Rambam on Mishnah Gittin 1'...
  heRef:
  str(22): 'רמב"ם על משנה גיטין א׳'...
  sections:
  list[1]:
    ...
  toSections:
  list[1]:
    ...
  sectionRef:
  str(26): 'Rambam on Mishnah Gittin 1'...
  heSectionRef:
  str(22): 'רמב"ם על משנה גיטין א׳'...
---
2026-01-10 02:11:48,590 - INFO -   Rambam on Mishnah Gittin: 1 passages
2026-01-10 02:11:49,723 - INFO - 
--- sefaria_v3_Rambam_on_Mishnah_Kiddushin structure ---
dict{35 keys}:
  versions:
  list[1]:
    ...
  available_versions:
  list[1]:
    ...
  ref:
  str(29): 'Rambam on Mishnah Kiddushin 1'...
  heRef:
  str(24): 'רמב"ם על משנה קידושין א׳'...
  sections:
  list[1]:
    ...
  toSections:
  list[1]:
    ...
  sectionRef:
  str(29): 'Rambam on Mishnah Kiddushin 1'...
  heSectionRef:
  str(24): 'רמב"ם על משנה קידושין א׳'...
---
2026-01-10 02:11:49,723 - INFO -   Rambam on Mishnah Kiddushin: 1 passages
2026-01-10 02:11:50,694 - INFO - 
--- sefaria_v3_Rambam_on_Mishnah_Bava_Kamma structure ---
dict{35 keys}:
  versions:
  list[1]:
    ...
  available_versions:
  list[2]:
    ...
  ref:
  str(30): 'Rambam on Mishnah Bava Kamma 1'...
  heRef:
  str(24): 'רמב"ם על משנה בבא קמא א׳'...
  sections:
  list[1]:
    ...
  toSections:
  list[1]:
    ...
  sectionRef:
  str(30): 'Rambam on Mishnah Bava Kamma 1'...
  heSectionRef:
  str(24): 'רמב"ם על משנה בבא קמא א׳'...
---
2026-01-10 02:11:50,694 - INFO -   Rambam on Mishnah Bava Kamma: 1 passages
2026-01-10 02:11:51,681 - INFO - 
--- sefaria_v3_Rambam_on_Mishnah_Bava_Metzia structure ---
dict{35 keys}:
  versions:
  list[1]:
    ...
  available_versions:
  list[2]:
    ...
  ref:
  str(31): 'Rambam on Mishnah Bava Metzia 1'...
  heRef:
  str(26): 'רמב"ם על משנה בבא מציעא א׳'...
  sections:
  list[1]:
    ...
  toSections:
  list[1]:
    ...
  sectionRef:
  str(31): 'Rambam on Mishnah Bava Metzia 1'...
  heSectionRef:
  str(26): 'רמב"ם על משנה בבא מציעא א׳'...
---
2026-01-10 02:11:51,681 - INFO -   Rambam on Mishnah Bava Metzia: 1 passages
2026-01-10 02:11:52,765 - INFO - 
--- sefaria_v3_Rambam_on_Mishnah_Bava_Batra structure ---
dict{35 keys}:
  versions:
  list[1]:
    ...
  available_versions:
  list[1]:
    ...
  ref:
  str(30): 'Rambam on Mishnah Bava Batra 1'...
  heRef:
  str(25): 'רמב"ם על משנה בבא בתרא א׳'...
  sections:
  list[1]:
    ...
  toSections:
  list[1]:
    ...
  sectionRef:
  str(30): 'Rambam on Mishnah Bava Batra 1'...
  heSectionRef:
  str(25): 'רמב"ם על משנה בבא בתרא א׳'...
---
2026-01-10 02:11:52,765 - INFO -   Rambam on Mishnah Bava Batra: 1 passages
2026-01-10 02:11:53,761 - INFO - 
--- sefaria_v3_Rambam_on_Mishnah_Sanhedrin structure ---
dict{35 keys}:
  versions:
  list[1]:
    ...
  available_versions:
  list[2]:
    ...
  ref:
  str(29): 'Rambam on Mishnah Sanhedrin 1'...
  heRef:
  str(24): 'רמב"ם על משנה סנהדרין א׳'...
  sections:
  list[1]:
    ...
  toSections:
  list[1]:
    ...
  sectionRef:
  str(29): 'Rambam on Mishnah Sanhedrin 1'...
  heSectionRef:
  str(24): 'רמב"ם על משנה סנהדרין א׳'...
---
2026-01-10 02:11:53,761 - INFO -   Rambam on Mishnah Sanhedrin: 1 passages
2026-01-10 02:11:54,709 - INFO - 
--- sefaria_v3_Rambam_on_Mishnah_Shevuot structure ---
dict{35 keys}:
  versions:
  list[1]:
    ...
  available_versions:
  list[1]:
    ...
  ref:
  str(27): 'Rambam on Mishnah Shevuot 1'...
  heRef:
  str(23): 'רמב"ם על משנה שבועות א׳'...
  sections:
  list[1]:
    ...
  toSections:
  list[1]:
    ...
  sectionRef:
  str(27): 'Rambam on Mishnah Shevuot 1'...
  heSectionRef:
  str(23): 'רמב"ם על משנה שבועות א׳'...
---
2026-01-10 02:11:54,709 - INFO -   Rambam on Mishnah Shevuot: 1 passages
2026-01-10 02:11:55,795 - INFO - 
--- sefaria_v3_Rambam_on_Pirkei_Avot structure ---
dict{35 keys}:
  versions:
  list[1]:
    ...
  available_versions:
  list[3]:
    ...
  ref:
  str(23): 'Rambam on Pirkei Avot 1'...
  heRef:
  str(21): 'רמב"ם על משנה אבות א׳'...
  sections:
  list[1]:
    ...
  toSections:
  list[1]:
    ...
  sectionRef:
  str(23): 'Rambam on Pirkei Avot 1'...
  heSectionRef:
  str(21): 'רמב"ם על משנה אבות א׳'...
---
2026-01-10 02:11:55,795 - INFO -   Rambam on Pirkei Avot: 1 passages
2026-01-10 02:11:56,800 - INFO - 
--- sefaria_v3_Yachin_on_Mishnah_Ketubot structure ---
dict{35 keys}:
  versions:
  list[1]:
    ...
  available_versions:
  list[1]:
    ...
  ref:
  str(27): 'Yachin on Mishnah Ketubot 1'...
  heRef:
  str(14): 'יכין כתובות א׳'...
  sections:
  list[1]:
    ...
  toSections:
  list[1]:
    ...
  sectionRef:
  str(27): 'Yachin on Mishnah Ketubot 1'...
  heSectionRef:
  str(14): 'יכין כתובות א׳'...
---
2026-01-10 02:11:56,800 - INFO -   Yachin on Mishnah Ketubot: 1 passages
2026-01-10 02:11:57,816 - INFO - 
--- sefaria_v3_Yachin_on_Mishnah_Nedarim structure ---
dict{35 keys}:
  versions:
  list[1]:
    ...
  available_versions:
  list[1]:
    ...
  ref:
  str(27): 'Yachin on Mishnah Nedarim 1'...
  heRef:
  str(13): 'יכין נדרים א׳'...
  sections:
  list[1]:
    ...
  toSections:
  list[1]:
    ...
  sectionRef:
  str(27): 'Yachin on Mishnah Nedarim 1'...
  heSectionRef:
  str(13): 'יכין נדרים א׳'...
---
2026-01-10 02:11:57,816 - INFO -   Yachin on Mishnah Nedarim: 1 passages
2026-01-10 02:11:58,815 - INFO - 
--- sefaria_v3_Yachin_on_Mishnah_Gittin structure ---
dict{35 keys}:
  versions:
  list[1]:
    ...
  available_versions:
  list[1]:
    ...
  ref:
  str(26): 'Yachin on Mishnah Gittin 1'...
  heRef:
  str(13): 'יכין גיטין א׳'...
  sections:
  list[1]:
    ...
  toSections:
  list[1]:
    ...
  sectionRef:
  str(26): 'Yachin on Mishnah Gittin 1'...
  heSectionRef:
  str(13): 'יכין גיטין א׳'...
---
2026-01-10 02:11:58,815 - INFO -   Yachin on Mishnah Gittin: 1 passages
2026-01-10 02:11:59,872 - INFO - 
--- sefaria_v3_Yachin_on_Mishnah_Kiddushin structure ---
dict{35 keys}:
  versions:
  list[1]:
    ...
  available_versions:
  list[1]:
    ...
  ref:
  str(29): 'Yachin on Mishnah Kiddushin 1'...
  heRef:
  str(15): 'יכין קידושין א׳'...
  sections:
  list[1]:
    ...
  toSections:
  list[1]:
    ...
  sectionRef:
  str(29): 'Yachin on Mishnah Kiddushin 1'...
  heSectionRef:
  str(15): 'יכין קידושין א׳'...
---
2026-01-10 02:11:59,872 - INFO -   Yachin on Mishnah Kiddushin: 1 passages
2026-01-10 02:12:00,917 - INFO - 
--- sefaria_v3_Yachin_on_Mishnah_Bava_Kamma structure ---
dict{35 keys}:
  versions:
  list[1]:
    ...
  available_versions:
  list[1]:
    ...
  ref:
  str(30): 'Yachin on Mishnah Bava Kamma 1'...
  heRef:
  str(15): 'יכין בבא קמא א׳'...
  sections:
  list[1]:
    ...
  toSections:
  list[1]:
    ...
  sectionRef:
  str(30): 'Yachin on Mishnah Bava Kamma 1'...
  heSectionRef:
  str(15): 'יכין בבא קמא א׳'...
---
2026-01-10 02:12:00,917 - INFO -   Yachin on Mishnah Bava Kamma: 1 passages
2026-01-10 02:12:01,884 - INFO - 
--- sefaria_v3_Yachin_on_Mishnah_Bava_Metzia structure ---
dict{35 keys}:
  versions:
  list[1]:
    ...
  available_versions:
  list[1]:
    ...
  ref:
  str(31): 'Yachin on Mishnah Bava Metzia 1'...
  heRef:
  str(17): 'יכין בבא מציעא א׳'...
  sections:
  list[1]:
    ...
  toSections:
  list[1]:
    ...
  sectionRef:
  str(31): 'Yachin on Mishnah Bava Metzia 1'...
  heSectionRef:
  str(17): 'יכין בבא מציעא א׳'...
---
2026-01-10 02:12:01,884 - INFO -   Yachin on Mishnah Bava Metzia: 1 passages
2026-01-10 02:12:03,147 - INFO - 
--- sefaria_v3_Yachin_on_Mishnah_Bava_Batra structure ---
dict{35 keys}:
  versions:
  list[1]:
    ...
  available_versions:
  list[1]:
    ...
  ref:
  str(30): 'Yachin on Mishnah Bava Batra 1'...
  heRef:
  str(16): 'יכין בבא בתרא א׳'...
  sections:
  list[1]:
    ...
  toSections:
  list[1]:
    ...
  sectionRef:
  str(30): 'Yachin on Mishnah Bava Batra 1'...
  heSectionRef:
  str(16): 'יכין בבא בתרא א׳'...
---
2026-01-10 02:12:03,147 - INFO -   Yachin on Mishnah Bava Batra: 1 passages
2026-01-10 02:12:03,943 - INFO - 
--- sefaria_v3_Yachin_on_Mishnah_Sanhedrin structure ---
dict{35 keys}:
  versions:
  list[1]:
    ...
  available_versions:
  list[1]:
    ...
  ref:
  str(29): 'Yachin on Mishnah Sanhedrin 1'...
  heRef:
  str(15): 'יכין סנהדרין א׳'...
  sections:
  list[1]:
    ...
  toSections:
  list[1]:
    ...
  sectionRef:
  str(29): 'Yachin on Mishnah Sanhedrin 1'...
  heSectionRef:
  str(15): 'יכין סנהדרין א׳'...
---
2026-01-10 02:12:03,943 - INFO -   Yachin on Mishnah Sanhedrin: 1 passages
2026-01-10 02:12:05,044 - INFO - 
--- sefaria_v3_Yachin_on_Mishnah_Shevuot structure ---
dict{35 keys}:
  versions:
  list[1]:
    ...
  available_versions:
  list[1]:
    ...
  ref:
  str(27): 'Yachin on Mishnah Shevuot 1'...
  heRef:
  str(14): 'יכין שבועות א׳'...
  sections:
  list[1]:
    ...
  toSections:
  list[1]:
    ...
  sectionRef:
  str(27): 'Yachin on Mishnah Shevuot 1'...
  heSectionRef:
  str(14): 'יכין שבועות א׳'...
---
2026-01-10 02:12:05,060 - INFO -   Yachin on Mishnah Shevuot: 1 passages
2026-01-10 02:12:06,096 - INFO - 
--- sefaria_v3_Yachin_on_Pirkei_Avot structure ---
dict{35 keys}:
  versions:
  list[1]:
    ...
  available_versions:
  list[2]:
    ...
  ref:
  str(23): 'Yachin on Pirkei Avot 1'...
  heRef:
  str(12): 'יכין אבות א׳'...
  sections:
  list[1]:
    ...
  toSections:
  list[1]:
    ...
  sectionRef:
  str(23): 'Yachin on Pirkei Avot 1'...
  heSectionRef:
  str(12): 'יכין אבות א׳'...
---
2026-01-10 02:12:06,096 - INFO -   Yachin on Pirkei Avot: 1 passages
2026-01-10 02:12:10,237 - INFO - 
--- sefaria_v3_Boaz_on_Mishnah_Gittin structure ---
dict{35 keys}:
  versions:
  list[1]:
    ...
  available_versions:
  list[1]:
    ...
  ref:
  str(24): 'Boaz on Mishnah Gittin 1'...
  heRef:
  str(21): 'בועז על משנה גיטין א׳'...
  sections:
  list[1]:
    ...
  toSections:
  list[1]:
    ...
  sectionRef:
  str(24): 'Boaz on Mishnah Gittin 1'...
  heSectionRef:
  str(21): 'בועז על משנה גיטין א׳'...
---
2026-01-10 02:12:10,237 - INFO -   Boaz on Mishnah Gittin: 1 passages
2026-01-10 02:12:11,188 - INFO - 
--- sefaria_v3_Boaz_on_Mishnah_Kiddushin structure ---
dict{35 keys}:
  versions:
  list[1]:
    ...
  available_versions:
  list[1]:
    ...
  ref:
  str(27): 'Boaz on Mishnah Kiddushin 1'...
  heRef:
  str(23): 'בועז על משנה קידושין א׳'...
  sections:
  list[1]:
    ...
  toSections:
  list[1]:
    ...
  sectionRef:
  str(27): 'Boaz on Mishnah Kiddushin 1'...
  heSectionRef:
  str(23): 'בועז על משנה קידושין א׳'...
---
2026-01-10 02:12:11,188 - INFO -   Boaz on Mishnah Kiddushin: 1 passages
2026-01-10 02:12:13,803 - INFO - 
--- sefaria_v3_Boaz_on_Mishnah_Bava_Metzia structure ---
dict{35 keys}:
  versions:
  list[1]:
    ...
  available_versions:
  list[1]:
    ...
  ref:
  str(29): 'Boaz on Mishnah Bava Metzia 1'...
  heRef:
  str(25): 'בועז על משנה בבא מציעא א׳'...
  sections:
  list[1]:
    ...
  toSections:
  list[1]:
    ...
  sectionRef:
  str(29): 'Boaz on Mishnah Bava Metzia 1'...
  heSectionRef:
  str(25): 'בועז על משנה בבא מציעא א׳'...
---
2026-01-10 02:12:13,803 - INFO -   Boaz on Mishnah Bava Metzia: 1 passages
2026-01-10 02:12:13,852 - INFO -   [DONE] Sefaria: 46 total
2026-01-10 02:12:13,854 - INFO - [QURAN] Starting...
2026-01-10 02:12:22,188 - INFO -   [DONE] Quran: 671 passages
2026-01-10 02:12:22,188 - INFO - [HADITH] Starting...
2026-01-10 02:12:22,209 - INFO - 
--- hadith_editions structure ---
dict{10 keys}:
  abudawud:
  dict{2 keys}:
    name:
    ...
    collection:
    ...
  bukhari:
  dict{2 keys}:
    name:
    ...
    collection:
    ...
  dehlawi:
  dict{2 keys}:
    name:
    ...
    collection:
    ...
  ibnmajah:
  dict{2 keys}:
    name:
    ...
    collection:
    ...
  malik:
  dict{2 keys}:
    name:
    ...
    collection:
    ...
  muslim:
  dict{2 keys}:
    name:
    ...
    collection:
    ...
  nasai:
  dict{2 keys}:
    name:
    ...
    collection:
    ...
  nawawi:
  dict{2 keys}:
    name:
    ...
    collection:
    ...
---
2026-01-10 02:12:22,209 - INFO -   Using known collections as fallback
2026-01-10 02:12:22,218 - INFO -   Collections: ['eng-bukhari', 'eng-muslim', 'eng-abudawud', 'eng-tirmidhi', 'eng-nasai', 'eng-ibnmajah']
2026-01-10 02:12:23,919 - INFO - 
--- hadith_eng-bukhari_info structure ---
dict{2 keys}:
  metadata:
  dict{3 keys}:
    name:
    ...
    sections:
    ...
    section_details:
    ...
  hadiths:
  list[7589]:
    ...
---
2026-01-10 02:12:23,981 - INFO - 
--- hadith_eng-bukhari_sample structure ---
dict{2 keys}:
  metadata:
  dict{3 keys}:
    name:
    ...
    section:
    ...
    section_detail:
    ...
  hadiths:
  list[1]:
    ...
---
2026-01-10 02:13:29,426 - INFO -   eng-bukhari: 100 hadiths
2026-01-10 02:13:30,187 - INFO - 
--- hadith_eng-muslim_info structure ---
dict{2 keys}:
  metadata:
  dict{3 keys}:
    name:
    ...
    sections:
    ...
    section_details:
    ...
  hadiths:
  list[7563]:
    ...
---
2026-01-10 02:13:30,422 - INFO - 
--- hadith_eng-muslim_sample structure ---
dict{2 keys}:
  metadata:
  dict{3 keys}:
    name:
    ...
    section:
    ...
    section_detail:
    ...
  hadiths:
  list[1]:
    ...
---
2026-01-10 02:13:31,266 - INFO - 
--- hadith_eng-muslim_sample structure ---
dict{2 keys}:
  metadata:
  dict{3 keys}:
    name:
    ...
    section:
    ...
    section_detail:
    ...
  hadiths:
  list[1]:
    ...
---
2026-01-10 02:13:31,803 - INFO - 
--- hadith_eng-muslim_sample structure ---
dict{2 keys}:
  metadata:
  dict{3 keys}:
    name:
    ...
    section:
    ...
    section_detail:
    ...
  hadiths:
  list[1]:
    ...
---
2026-01-10 02:14:37,212 - INFO -   eng-muslim: 11 hadiths
2026-01-10 02:14:37,962 - INFO - 
--- hadith_eng-abudawud_info structure ---
dict{2 keys}:
  metadata:
  dict{3 keys}:
    name:
    ...
    sections:
    ...
    section_details:
    ...
  hadiths:
  list[5274]:
    ...
---
2026-01-10 02:14:38,458 - INFO - 
--- hadith_eng-abudawud_sample structure ---
dict{2 keys}:
  metadata:
  dict{3 keys}:
    name:
    ...
    section:
    ...
    section_detail:
    ...
  hadiths:
  list[1]:
    ...
---
2026-01-10 02:15:41,906 - INFO -   eng-abudawud: 100 hadiths
2026-01-10 02:15:42,310 - INFO - 
--- hadith_eng-tirmidhi_info structure ---
dict{2 keys}:
  metadata:
  dict{3 keys}:
    name:
    ...
    sections:
    ...
    section_details:
    ...
  hadiths:
  list[3998]:
    ...
---
2026-01-10 02:15:42,769 - INFO - 
--- hadith_eng-tirmidhi_sample structure ---
dict{2 keys}:
  metadata:
  dict{3 keys}:
    name:
    ...
    section:
    ...
    section_detail:
    ...
  hadiths:
  list[1]:
    ...
---
2026-01-10 02:16:50,834 - INFO -   eng-tirmidhi: 100 hadiths
2026-01-10 02:16:51,991 - INFO - 
--- hadith_eng-nasai_info structure ---
dict{2 keys}:
  metadata:
  dict{3 keys}:
    name:
    ...
    sections:
    ...
    section_details:
    ...
  hadiths:
  list[5765]:
    ...
---
2026-01-10 02:16:52,341 - INFO - 
--- hadith_eng-nasai_sample structure ---
dict{2 keys}:
  metadata:
  dict{3 keys}:
    name:
    ...
    section:
    ...
    section_detail:
    ...
  hadiths:
  list[1]:
    ...
---
2026-01-10 02:18:00,508 - INFO -   eng-nasai: 100 hadiths
2026-01-10 02:18:00,535 - INFO -   [DONE] Hadith: 411 total
2026-01-10 02:18:00,540 - INFO - [BIBLE] Starting...
2026-01-10 02:18:19,136 - INFO -   [DONE] Bible: 28 passages
2026-01-10 02:18:19,136 - INFO - [GITA] Starting...
2026-01-10 02:18:19,153 - INFO - 
--- gita_chapters structure ---
list[18]:
  dict{7 keys}:
    chapter_number:
    ...
    verses_count:
    ...
    name:
    ...
    translation:
    ...
    transliteration:
    ...
    meaning:
    ...
    summary:
    ...
---
2026-01-10 02:18:19,153 - INFO -   Chapters: 18
2026-01-10 02:18:19,833 - INFO -   Chapter 1: 0 verses
2026-01-10 02:18:19,869 - INFO -   Chapter 2: 0 verses
2026-01-10 02:18:20,387 - INFO -   Chapter 3: 0 verses
2026-01-10 02:18:20,919 - INFO -   Chapter 4: 0 verses
2026-01-10 02:18:21,404 - INFO -   Chapter 5: 0 verses
2026-01-10 02:18:21,902 - INFO -   Chapter 6: 0 verses
2026-01-10 02:18:22,431 - INFO -   Chapter 7: 0 verses
2026-01-10 02:18:22,927 - INFO -   Chapter 8: 0 verses
2026-01-10 02:18:23,437 - INFO -   Chapter 9: 0 verses
2026-01-10 02:18:23,944 - INFO -   Chapter 10: 0 verses
2026-01-10 02:18:24,460 - INFO -   Chapter 11: 0 verses
2026-01-10 02:18:24,960 - INFO -   Chapter 12: 0 verses
2026-01-10 02:18:25,478 - INFO -   Chapter 13: 0 verses
2026-01-10 02:18:25,978 - INFO -   Chapter 14: 0 verses
2026-01-10 02:18:26,480 - INFO -   Chapter 15: 0 verses
2026-01-10 02:18:27,002 - INFO -   Chapter 16: 0 verses
2026-01-10 02:18:27,529 - INFO -   Chapter 17: 0 verses
2026-01-10 02:18:28,030 - INFO -   Chapter 18: 0 verses
2026-01-10 02:18:28,030 - INFO -   [DONE] Gita: 0 total
2026-01-10 02:18:28,046 - INFO - [BUDDHIST] Starting...
2026-01-10 02:18:28,046 - INFO -   Digha Nikaya
2026-01-10 02:18:29,231 - INFO - 
--- sutta_plex_dn1 structure ---
list[1]:
  dict{18 keys}:
    acronym:
    ...
    volpages:
    ...
    alt_volpages:
    ...
    uid:
    ...
    blurb:
    ...
    difficulty:
    ...
    original_title:
    ...
    root_lang:
    ...
---
2026-01-10 02:18:29,366 - INFO - 
--- sutta_bilara_dn1 structure ---
dict{7 keys}:
  comment_text:
  dict{157 keys}:
    dn1:1.1.1:
    ...
    dn1:1.1.2:
    ...
    dn1:1.1.3:
    ...
    dn1:1.1.4:
    ...
    dn1:1.1.5:
    ...
    dn1:1.2.1:
    ...
    dn1:1.3.1:
    ...
    dn1:1.3.2:
    ...
  html_text:
  dict{662 keys}:
    dn1:0.1:
    ...
    dn1:0.2:
    ...
    dn1:1.0:
    ...
    dn1:1.1.1:
    ...
    dn1:1.1.2:
    ...
    dn1:1.1.3:
    ...
    dn1:1.1.4:
    ...
    dn1:1.1.5:
    ...
  root_text:
  dict{662 keys}:
    dn1:0.1:
    ...
    dn1:0.2:
    ...
    dn1:1.0:
    ...
    dn1:1.1.1:
    ...
    dn1:1.1.2:
    ...
    dn1:1.1.3:
    ...
    dn1:1.1.4:
    ...
    dn1:1.1.5:
    ...
  translation_text:
  dict{661 keys}:
    dn1:0.1:
    ...
    dn1:0.2:
    ...
    dn1:1.0:
    ...
    dn1:1.1.1:
    ...
    dn1:1.1.2:
    ...
    dn1:1.1.3:
    ...
    dn1:1.1.4:
    ...
    dn1:1.1.5:
    ...
  variant_text:
  dict{34 keys}:
    dn1:1.1.6:
    ...
    dn1:1.2.1:
    ...
    dn1:1.6.3:
    ...
    dn1:1.6.4:
    ...
    dn1:1.8.5:
    ...
    dn1:1.9.1:
    ...
    dn1:1.10.3:
    ...
    dn1:1.11.2:
    ...
  reference_text:
  dict{218 keys}:
    dn1:1.1.1:
    ...
    dn1:1.2.1:
    ...
    dn1:1.3.1:
    ...
    dn1:1.4.1:
    ...
    dn1:1.5.1:
    ...
    dn1:1.6.1:
    ...
    dn1:1.6.3:
    ...
    dn1:1.7.1:
    ...
  keys_order:
  list[662]:
    ...
---
2026-01-10 02:19:04,496 - INFO -     Got 34 passages
2026-01-10 02:19:04,496 - INFO -   Majjhima Nikaya
2026-01-10 02:19:04,898 - INFO - 
--- sutta_plex_mn1 structure ---
list[1]:
  dict{18 keys}:
    acronym:
    ...
    volpages:
    ...
    alt_volpages:
    ...
    uid:
    ...
    blurb:
    ...
    difficulty:
    ...
    original_title:
    ...
    root_lang:
    ...
---
2026-01-10 02:19:05,464 - INFO - 
--- sutta_bilara_mn1 structure ---
dict{7 keys}:
  comment_text:
  dict{41 keys}:
    mn1:1.1:
    ...
    mn1:1.2:
    ...
    mn1:1.4:
    ...
    mn1:2.1:
    ...
    mn1:3.1:
    ...
    mn1:3.2:
    ...
    mn1:3.3:
    ...
    mn1:3.5:
    ...
  html_text:
  dict{334 keys}:
    mn1:0.1:
    ...
    mn1:0.2:
    ...
    mn1:1.1:
    ...
    mn1:1.2:
    ...
    mn1:1.3:
    ...
    mn1:1.4:
    ...
    mn1:1.5:
    ...
    mn1:1.6:
    ...
  root_text:
  dict{334 keys}:
    mn1:0.1:
    ...
    mn1:0.2:
    ...
    mn1:1.1:
    ...
    mn1:1.2:
    ...
    mn1:1.3:
    ...
    mn1:1.4:
    ...
    mn1:1.5:
    ...
    mn1:1.6:
    ...
  translation_text:
  dict{325 keys}:
    mn1:0.1:
    ...
    mn1:0.2:
    ...
    mn1:1.1:
    ...
    mn1:1.2:
    ...
    mn1:1.3:
    ...
    mn1:1.4:
    ...
    mn1:1.5:
    ...
    mn1:1.6:
    ...
  variant_text:
  dict{4 keys}:
    mn1:3.2:
    ...
    mn1:27.1:
    ...
    mn1:27.2:
    ...
    mn1:171.4:
    ...
  reference_text:
  dict{42 keys}:
    mn1:1.1:
    ...
    mn1:2.1:
    ...
    mn1:3.1:
    ...
    mn1:4.1:
    ...
    mn1:5.1:
    ...
    mn1:6.1:
    ...
    mn1:7.1:
    ...
    mn1:8.1:
    ...
  keys_order:
  list[334]:
    ...
---
