2026-01-10 02:28:42,366 - INFO - [SEFARIA] Fetching Jewish texts...
2026-01-10 02:28:42,415 - INFO -   Found 30 relevant texts
2026-01-10 02:28:43,448 - INFO -     Mishnah Berakhot: 1 sections
2026-01-10 02:28:43,467 - INFO -     Mishnah Peah: 1 sections
2026-01-10 02:28:43,485 - INFO -     Mishnah Demai: 1 sections
2026-01-10 02:28:43,501 - INFO -     Mishnah Kilayim: 1 sections
2026-01-10 02:28:43,501 - INFO -     Mishnah Sheviit: 1 sections
2026-01-10 02:28:43,519 - INFO -     Mishnah Terumot: 1 sections
2026-01-10 02:28:43,536 - INFO -     Mishnah Maasrot: 1 sections
2026-01-10 02:28:43,552 - INFO -     Mishnah Maaser Sheni: 1 sections
2026-01-10 02:28:43,568 - INFO -     Mishnah Challah: 1 sections
2026-01-10 02:28:43,586 - INFO -     Mishnah Orlah: 1 sections
2026-01-10 02:28:43,586 - INFO -     Mishnah Bikkurim: 1 sections
2026-01-10 02:28:43,602 - INFO -     Mishnah Shabbat: 1 sections
2026-01-10 02:28:43,622 - INFO -     Mishnah Eruvin: 1 sections
2026-01-10 02:28:43,639 - INFO -     Mishnah Pesachim: 1 sections
2026-01-10 02:28:43,639 - INFO -     Mishnah Shekalim: 1 sections
2026-01-10 02:28:43,656 - INFO -     Mishnah Yoma: 1 sections
2026-01-10 02:28:43,668 - INFO -     Mishnah Sukkah: 1 sections
2026-01-10 02:28:43,668 - INFO -     Mishnah Beitzah: 1 sections
2026-01-10 02:28:43,686 - INFO -     Mishnah Rosh Hashanah: 1 sections
2026-01-10 02:28:43,686 - INFO -     Mishnah Ta'anit: 1 sections
2026-01-10 02:28:43,703 - INFO -     Mishnah Megillah: 1 sections
2026-01-10 02:28:43,719 - INFO -     Mishnah Moed Katan: 1 sections
2026-01-10 02:28:43,735 - INFO -     Mishnah Chagigah: 1 sections
2026-01-10 02:28:43,735 - INFO -     Mishnah Yevamot: 1 sections
2026-01-10 02:28:43,751 - INFO -     Mishnah Ketubot: 1 sections
2026-01-10 02:28:43,751 - INFO -     Mishnah Nedarim: 1 sections
2026-01-10 02:28:43,768 - INFO -     Mishnah Nazir: 1 sections
2026-01-10 02:28:43,784 - INFO -     Mishnah Sotah: 1 sections
2026-01-10 02:28:43,784 - INFO -     Mishnah Gittin: 1 sections
2026-01-10 02:28:43,800 - INFO -   [DONE] Sefaria: 29 total
2026-01-10 02:28:43,803 - INFO - [QURAN] Fetching Quran...
2026-01-10 02:28:43,984 - INFO -   [DONE] Quran: 671 passages
2026-01-10 02:28:43,984 - INFO - [HADITH] Probing for working collections...
2026-01-10 02:28:43,984 - INFO -     Found working: eng-bukhari
2026-01-10 02:28:44,001 - INFO -     Found working: eng-muslim
2026-01-10 02:28:44,001 - INFO -     Found working: eng-abudawud
2026-01-10 02:28:44,001 - INFO -     Found working: eng-tirmidhi
2026-01-10 02:28:44,018 - INFO -     Found working: eng-nasai
2026-01-10 02:28:45,124 - INFO -     Found working: eng-ibnmajah
2026-01-10 02:28:45,124 - INFO -   6 collections available
2026-01-10 02:30:31,654 - INFO -     Bukhari: 200 hadiths
2026-01-10 02:32:19,815 - INFO -     Muslim: 110 hadiths
2026-01-10 02:34:05,019 - INFO -     Abudawud: 200 hadiths
2026-01-10 02:35:53,470 - INFO -     Tirmidhi: 200 hadiths
2026-01-10 02:37:42,442 - INFO -     Nasai: 199 hadiths
2026-01-10 02:41:09,623 - INFO -     Ibnmajah: 200 hadiths
2026-01-10 02:41:09,639 - INFO -   [DONE] Hadith: 1109 total
2026-01-10 02:41:09,656 - INFO - [BIBLE] Probing API and fetching...
2026-01-10 02:41:35,438 - INFO -     Genesis: 50 chapters
2026-01-10 02:42:40,871 - INFO -     Exodus: 36 chapters
2026-01-10 02:43:34,477 - INFO -     Leviticus: 23 chapters
2026-01-10 02:44:34,501 - INFO -     Deuteronomy: 30 chapters
2026-01-10 02:49:02,866 - INFO -     Psalms: 132 chapters
2026-01-10 02:49:04,887 - INFO -     Proverbs: 31 chapters
2026-01-10 02:51:03,406 - INFO -     Isaiah: 58 chapters
2026-01-10 02:51:43,485 - INFO -     Matthew: 26 chapters
2026-01-10 02:51:44,489 - INFO -     Mark: 16 chapters
2026-01-10 02:52:34,540 - INFO -     Luke: 20 chapters
2026-01-10 02:53:08,630 - INFO -     John: 19 chapters
2026-01-10 02:53:37,721 - INFO -     Romans: 14 chapters
2026-01-10 02:54:06,947 - INFO -     1 Corinthians: 14 chapters
2026-01-10 02:54:13,291 - INFO -     Galatians: 6 chapters
2026-01-10 02:54:23,257 - INFO -     James: 4 chapters
2026-01-10 02:54:36,145 - INFO -     1 John: 4 chapters
2026-01-10 02:54:36,206 - INFO -   [DONE] Bible: 483 total
2026-01-10 02:54:36,206 - INFO - [GITA] Fetching Bhagavad Gita...
2026-01-10 02:54:36,214 - INFO -   18 chapters found
2026-01-10 02:54:53,965 - INFO -   [DONE] Gita: 0 total
2026-01-10 02:54:53,969 - INFO - [BUDDHIST] Fetching suttas...
2026-01-10 02:54:53,985 - INFO -   Nikaya: DN
2026-01-10 03:00:28,309 - INFO -     DN: 34 suttas
2026-01-10 03:00:28,309 - INFO -   Nikaya: MN
2026-01-10 03:06:10,478 - INFO -     MN: 152 suttas
2026-01-10 03:06:10,478 - INFO -   Nikaya: SN
2026-01-10 03:12:53,307 - INFO -     SN: 0 suttas
2026-01-10 03:12:53,307 - INFO -   Nikaya: AN
2026-01-10 03:19:14,328 - INFO -     AN: 0 suttas
2026-01-10 03:19:14,353 - INFO -   [DONE] Buddhist: 186 total
2026-01-10 03:19:14,353 - INFO - [COURTLISTENER] Searching case law...
2026-01-10 03:19:14,363 - WARNING -   No API key - results may be limited
2026-01-10 03:19:15,025 - INFO -     contract: 20 results
2026-01-10 03:19:15,527 - INFO -     negligence: 20 results
2026-01-10 03:19:16,179 - INFO -     due process: 20 results
2026-01-10 03:19:16,590 - INFO -     fiduciary: 20 results
2026-01-10 03:19:17,087 - INFO -     fraud: 20 results
2026-01-10 03:19:17,091 - INFO -   [DONE] CourtListener: 0 total
2026-01-10 03:19:17,099 - INFO - [EMBEDDED] Loading curated samples...
2026-01-10 03:19:17,107 - INFO -   [DONE] Embedded: 8 samples
2026-01-10 03:19:17,581 - INFO - 
==================================================
2026-01-10 03:19:17,581 - INFO - CORPUS COMPLETE: 2486 passages
2026-01-10 03:19:17,595 - INFO - ==================================================
2026-01-10 03:19:17,595 - INFO -   hadith: 1109
2026-01-10 03:19:17,595 - INFO -   quran: 671
2026-01-10 03:19:17,595 - INFO -   bible: 483
2026-01-10 03:19:17,599 - INFO -   buddhist: 186
2026-01-10 03:19:17,599 - INFO -   sefaria: 29
2026-01-10 03:19:17,599 - INFO -   embedded: 8
2026-01-10 03:19:17,599 - INFO -   courtlistener: 0
2026-01-10 03:19:17,599 - INFO -   gita: 0
